<?xml version="1.0" encoding="UTF-8"?>
<testsuite name="com.creas.petrecall.index.PetIndexStateTest" tests="5" skipped="0" failures="0" errors="0" timestamp="2026-04-14T08:40:26.293Z" hostname="DESKTOP-V4NTG01" time="0.095">
  <properties/>
  <testcase name="getPetReturnsStoredRecord()" classname="com.creas.petrecall.index.PetIndexStateTest" time="0.068"/>
  <testcase name="replacingPetWithNewOwnerMovesItBetweenOwnerIndexes()" classname="com.creas.petrecall.index.PetIndexStateTest" time="0.002"/>
  <testcase name="removingUnknownPetIsNoOp()" classname="com.creas.petrecall.index.PetIndexStateTest" time="0.001"/>
  <testcase name="removeDeletesPetAndCleansOwnerBucket()" classname="com.creas.petrecall.index.PetIndexStateTest" time="0.001"/>
  <testcase name="putAndGetPetKeepsOwnerIndexInSync()" classname="com.creas.petrecall.index.PetIndexStateTest" time="0.009"/>
  <system-out><![CDATA[]]></system-out>
  <system-err><![CDATA[]]></system-err>
</testsuite>
